<?xml version="1.0" encoding="UTF-8"?>
<testsuite xmlns:xsi="http://www.w3.org/2001/XMLSchema-instance" xsi:noNamespaceSchemaLocation="https://maven.apache.org/surefire/maven-surefire-plugin/xsd/surefire-test-report.xsd" name="PraktikumTest" time="0.418" tests="9" errors="0" skipped="0" failures="0">
  <properties>
[...]
</properties>
  <testcase name="checkSpaceInNameWithSpaceAtBeginningAndAtTheEnd" classname="PraktikumTest" time="0.131"/>
  <testcase name="checkMinLengthFailed" classname="PraktikumTest" time="0.002"/>
  <testcase name="checkSpaceInNameSucces" classname="PraktikumTest" time="0.002"/>
  <testcase name="checkMinLengthSuccess" classname="PraktikumTest" time="0.002"/>
  <testcase name="checkMaxLengthSuccess" classname="PraktikumTest" time="0.002"/>
  <testcase name="checkMaxLengthFailed" classname="PraktikumTest" time="0.002"/>
  <testcase name="checkSpaceInNameWithSpaceAtTheEnd" classname="PraktikumTest" time="0.002"/>
  <testcase name="checkSpaceInNameWithSpaceAtBeginning" classname="PraktikumTest" time="0.002"/>
  <testcase name="checkSpaceInNameWithoutCentralSpace" classname="PraktikumTest" time="0.002"/>
</testsuite>